\BOOKMARK [1][-]{section.1}{\376\377\173\200\116\313}{}% 1
\BOOKMARK [2][-]{subsection.1.1}{\376\377\226\115\154\064\221\317\230\204\155\113\116\373\122\241\123\312\116\073\155\101\166\204\211\343\121\263\145\271\154\325}{section.1}% 2
\BOOKMARK [2][-]{subsection.1.2}{\376\377\147\072\126\150\133\146\116\140\145\271\154\325\127\050\226\115\154\064\221\317\230\204\155\113\116\055\166\204\136\224\165\050\377\014\214\003\170\024\0005\173\307\145\207\150\143}{section.1}% 3
\BOOKMARK [2][-]{subsection.1.3}{\376\377\147\054\145\207\116\073\211\201\215\041\163\056}{section.1}% 4
\BOOKMARK [1][-]{section.2}{\376\377\116\373\122\241\133\232\116\111}{}% 5
\BOOKMARK [2][-]{subsection.2.1}{\376\377\173\046\123\367\121\154\137\017\133\232\116\111}{section.2}% 6
\BOOKMARK [1][-]{section.3}{\376\377\145\160\143\156\145\164\164\006}{}% 7
\BOOKMARK [2][-]{subsection.3.1}{\376\377\145\160\143\156\147\145\156\220\377\014\121\205\133\271}{section.3}% 8
\BOOKMARK [2][-]{subsection.3.2}{\376\377\145\160\143\156\156\005\155\027\123\312\131\004\164\006}{section.3}% 9
\BOOKMARK [1][-]{section.4}{\376\377\162\171\137\201\143\320\123\326}{}% 10
\BOOKMARK [2][-]{subsection.4.1}{\376\377\145\160\143\156\137\122\116\000\123\026\131\004\164\006}{section.4}% 11
\BOOKMARK [2][-]{subsection.4.2}{\376\377\147\000\176\310\117\177\165\050\166\204\162\171\137\201\176\364\136\246\124\214\153\317\116\000\176\364\166\204\124\053\116\111}{section.4}% 12
\BOOKMARK [2][-]{subsection.4.3}{\376\377\162\171\137\201\166\370\121\163\140\047}{section.4}% 13
\BOOKMARK [1][-]{section.5}{\376\377\152\041\127\213\213\276\213\241}{}% 14
\BOOKMARK [2][-]{subsection.5.1}{\376\377\176\277\140\047\152\041\127\213}{section.5}% 15
\BOOKMARK [3][-]{subsubsection.5.1.1}{\376\377\220\073\217\221\126\336\137\122\122\006\174\173\126\150\000L\000o\000g\000i\000s\000t\000i\000c\000\040\000R\000e\000g\000r\000e\000s\000s\000i\000o\000n\000\040\000C\000l\000a\000s\000s\000i\000f\000i\000e\000r}{subsection.5.1}% 16
\BOOKMARK [3][-]{subsubsection.5.1.2}{\376\377\000S\000V\000M}{subsection.5.1}% 17
\BOOKMARK [3][-]{subsubsection.5.1.3}{\376\377\000K\000N\000N}{subsection.5.1}% 18
\BOOKMARK [2][-]{subsection.5.2}{\376\377\150\021\152\041\127\213}{section.5}% 19
\BOOKMARK [3][-]{subsubsection.5.2.1}{\376\377\000D\000e\000c\000i\000s\000i\000o\000n\000\040\000T\000r\000e\000e}{subsection.5.2}% 20
\BOOKMARK [3][-]{subsubsection.5.2.2}{\376\377\000R\000a\000n\000d\000o\000m\000\040\000F\000o\000r\000e\000s\000t}{subsection.5.2}% 21
\BOOKMARK [3][-]{subsubsection.5.2.3}{\376\377\000G\000B\000D\000T}{subsection.5.2}% 22
\BOOKMARK [3][-]{subsubsection.5.2.4}{\376\377\000X\000g\000b\000o\000o\000s\000t}{subsection.5.2}% 23
\BOOKMARK [2][-]{subsection.5.3}{\376\377\171\136\176\317\177\121\176\334\152\041\127\213}{section.5}% 24
\BOOKMARK [3][-]{subsubsection.5.3.1}{\376\377\000M\000L\000P}{subsection.5.3}% 25
\BOOKMARK [3][-]{subsubsection.5.3.2}{\376\377\000L\000S\000T\000M}{subsection.5.3}% 26
\BOOKMARK [2][-]{subsection.5.4}{\376\377\226\306\142\020\145\271\154\325}{section.5}% 27
\BOOKMARK [3][-]{subsubsection.5.4.1}{\376\377\136\163\127\107\145\271\154\325\000a\000v\000e\000r\000a\000g\000e}{subsection.5.4}% 28
\BOOKMARK [3][-]{subsubsection.5.4.2}{\376\377\130\236\137\072\145\271\154\325\000b\000o\000o\000s\000t\000i\000n\000g}{subsection.5.4}% 29
\BOOKMARK [1][-]{section.6}{\376\377\133\236\232\214\213\276\213\241\123\312\176\323\147\234}{}% 30
\BOOKMARK [2][-]{subsection.6.1}{\376\377\145\160\143\156\226\306\122\022\122\006}{section.6}% 31
\BOOKMARK [2][-]{subsection.6.2}{\376\377\213\304\116\367\143\007\150\007\166\204\133\232\116\111}{section.6}% 32
\BOOKMARK [2][-]{subsection.6.3}{\376\377\153\317\171\315\152\041\127\213\123\125\162\354\166\204\147\000\131\175\176\323\147\234\133\371\153\324}{section.6}% 33
\BOOKMARK [2][-]{subsection.6.4}{\376\377\000e\000n\000s\000e\000m\000b\000l\000e\124\016\166\204\147\000\131\175\176\323\147\234\133\371\153\324}{section.6}% 34
\BOOKMARK [2][-]{subsection.6.5}{\376\377\116\015\124\014\215\205\123\302\145\160\133\371\152\041\127\213\166\204\137\161\124\315}{section.6}% 35
\BOOKMARK [1][-]{section.7}{\376\377\133\236\232\214\176\323\147\234\122\006\147\220}{}% 36
\BOOKMARK [2][-]{subsection.7.1}{\376\377\162\171\137\201\221\315\211\201\140\047\122\006\147\220}{section.7}% 37
\BOOKMARK [2][-]{subsection.7.2}{\376\377\126\336\137\122\225\356\230\230}{section.7}% 38
